<?xml version="1.0" encoding="UTF-8"?>
<!-- Generated by org.testng.reporters.JUnitXMLReporter -->
<testsuite ignored="0" hostname="DESKTOP-525GNOE" failures="2" tests="4" name="OpencartTest" time="32.548" errors="0" timestamp="2023-12-28T16:25:23 IST">
  <testcase classname="testCases.TC_001_AccountRegistrationTest" name="test_account_Registration" time="2.938">
    <failure type="java.lang.AssertionError" message="null">
      <![CDATA[java.lang.AssertionError: null
at testCases.TC_001_AccountRegistrationTest.test_account_Registration(TC_001_AccountRegistrationTest.java:53)
at java.base/java.util.ArrayList.forEach(ArrayList.java:1596)
... Removed 27 stack frames]]>
    </failure>
  </testcase> <!-- test_account_Registration -->
  <testcase classname="testCases.TC_002_LoginTest" name="test_login" time="2.311"/>
  <testcase classname="testCases.TC_004_SearchProductTest" name="test_productSearch" time="1.87">
    <failure type="java.lang.AssertionError" message="expected [true] but found [false]">
      <![CDATA[java.lang.AssertionError: expected [true] but found [false]
at testCases.TC_004_SearchProductTest.test_productSearch(TC_004_SearchProductTest.java:28)
at java.base/java.util.ArrayList.forEach(ArrayList.java:1596)
... Removed 32 stack frames]]>
    </failure>
  </testcase> <!-- test_productSearch -->
  <testcase classname="testCases.TC_005_AddToCartPageTest" name="test_addToCart" time="2.542"/>
</testsuite> <!-- OpencartTest -->
